0 info it worked if it ends with ok
1 verbose cli [ 'C:\\MartnSorftLearn\\nodejs\\node.exe',
1 verbose cli   'C:\\MartnSorftLearn\\nodejs\\node_global\\node_modules\\cnpm\\node_modules\\npm\\bin\\npm-cli.js',
1 verbose cli   '--userconfig=C:\\Users\\Administrator\\.cnpmrc',
1 verbose cli   '--disturl=https://npm.taobao.org/mirrors/node',
1 verbose cli   '--registry=https://registry.npm.taobao.org',
1 verbose cli   'rebuild',
1 verbose cli   'node-sass' ]
2 info using npm@3.8.3
3 info using node@v5.5.0
4 info readInstalled object
5 verbose rebuild path, id [ 'D:\\codeSpace\\php\\learner.video\\node_modules\\laravel-elixir\\node_modules\\gulp-sass\\node_modules\\node-sass',
5 verbose rebuild   'node-sass@3.4.2' ]
6 silly rebuild set [ 'D:\\codeSpace\\php\\learner.video\\node_modules\\laravel-elixir\\node_modules\\gulp-sass\\node_modules\\node-sass' ]
7 info build D:\codeSpace\php\learner.video\node_modules\laravel-elixir\node_modules\gulp-sass\node_modules\node-sass
8 info lifecycle node-sass@3.4.2~preinstall: node-sass@3.4.2
9 silly lifecycle node-sass@3.4.2~preinstall: no script for preinstall, continuing
10 info linkStuff node-sass@3.4.2
11 silly linkStuff node-sass@3.4.2 has D:\codeSpace\php\learner.video\node_modules\laravel-elixir\node_modules\gulp-sass\node_modules as its parent node_modules
12 verbose linkBins node-sass@3.4.2
13 verbose link bins [ { 'node-sass': 'bin/node-sass' },
13 verbose link bins   'D:\\codeSpace\\php\\learner.video\\node_modules\\laravel-elixir\\node_modules\\gulp-sass\\node_modules\\.bin',
13 verbose link bins   false ]
14 verbose linkMans node-sass@3.4.2
15 verbose rebuildBundles node-sass@3.4.2
16 verbose rebuildBundles [ '.bin',
16 verbose rebuildBundles   'async-foreach',
16 verbose rebuildBundles   'chalk',
16 verbose rebuildBundles   'cross-spawn',
16 verbose rebuildBundles   'gaze',
16 verbose rebuildBundles   'get-stdin',
16 verbose rebuildBundles   'glob',
16 verbose rebuildBundles   'meow',
16 verbose rebuildBundles   'mkdirp',
16 verbose rebuildBundles   'nan',
16 verbose rebuildBundles   'node-gyp',
16 verbose rebuildBundles   'npmconf',
16 verbose rebuildBundles   'request',
16 verbose rebuildBundles   'sass-graph' ]
17 info lifecycle node-sass@3.4.2~install: node-sass@3.4.2
18 verbose lifecycle node-sass@3.4.2~install: unsafe-perm in lifecycle true
19 verbose lifecycle node-sass@3.4.2~install: PATH: C:\MartnSorftLearn\nodejs\node_global\node_modules\cnpm\node_modules\npm\bin\node-gyp-bin;D:\codeSpace\php\learner.video\node_modules\laravel-elixir\node_modules\gulp-sass\node_modules\node-sass\node_modules\.bin;D:\codeSpace\php\learner.video\node_modules\laravel-elixir\node_modules\gulp-sass\node_modules\.bin;D:\codeSpace\php\learner.video\node_modules\laravel-elixir\node_modules\.bin;D:\codeSpace\php\learner.video\node_modules\.bin;C:\MartnSorftLearn\nodejs;C:\MartnSorftLearn\Ruby22-x64\bin;C:\ProgramData\Oracle\Java\javapath;C:\Program Files\Common Files\Microsoft Shared\Windows Live;C:\Program Files (x86)\NVIDIA Corporation\PhysX\Common;C:\Program Files (x86)\Intel\iCLS Client\;C:\Program Files\Intel\iCLS Client\;C:\Program Files\Broadcom\Broadcom 802.11 Network Adapter;C:\WINDOWS\system32;C:\WINDOWS;C:\WINDOWS\System32\Wbem;C:\WINDOWS\System32\WindowsPowerShell\v1.0\;C:\Program Files (x86)\Intel\OpenCL SDK\2.0\bin\x86;C:\Program Files (x86)\Intel\OpenCL SDK\2.0\bin\x64;C:\Program Files\Intel\Intel(R) Management Engine Components\DAL;C:\Program Files\Intel\Intel(R) Management Engine Components\IPT;C:\Program Files (x86)\Intel\Intel(R) Management Engine Components\DAL;C:\Program Files (x86)\Intel\Intel(R) Management Engine Components\IPT;C:\MartnSorftLearn\Java\jdk1.8.0_60\bin;C:\MartnSorftLearn\Java\jdk1.8.0_60\jre\bin;C:\MartnSorftLearn\TortoiseGit\bin;C:\MartnSorftLearn\TortoiseSVN\bin;C:\MartnSorftLearn\Python27;C:\MartnSorftLearn\apache-maven-3.3.3\bin;C:\Users\Administrator\.gradle\wrapper\dists\gradle-2.4-all\6r4uqcc6ovnq6ac6s0txzcpc0\gradle-2.4\bin;C:\ProgramData\ComposerSetup\bin;C:\MartnSorftLearn\nodejs\;C:\Program Files\nodejs\node_global\;C:\MartnSorftLearn\Git\bin;C:\MartnSorftLearn\Git\libexec\git-core;C:\MartnSorftLearn\nodejs\node_global;C:\MartnSorftLearn\HashiCorp\Vagrant\bin;C:\Users\Administrator\AppData\Roaming\Composer\vendor\bin;vendor\bin;C:\MartnSorftLearn\wamp64\bin\php\php5.6.19;C:\MartnSorftLearn\jads\bin;C:\WINDOWS\system32\config\systemprofile\.dnx\bin;C:\Program Files\Microsoft DNX\Dnvm\;C:\Program Files\Microsoft SQL Server\130\Tools\Binn\;C:\Program Files\Common Files\Microsoft Shared\Windows Live;C:\Users\Administrator\AppData\Roaming\npm
20 verbose lifecycle node-sass@3.4.2~install: CWD: D:\codeSpace\php\learner.video\node_modules\laravel-elixir\node_modules\gulp-sass\node_modules\node-sass
21 silly lifecycle node-sass@3.4.2~install: Args: [ '/d /s /c', 'node scripts/install.js' ]
22 silly lifecycle node-sass@3.4.2~install: Returned: code: 0  signal: null
23 info lifecycle node-sass@3.4.2~postinstall: node-sass@3.4.2
24 verbose lifecycle node-sass@3.4.2~postinstall: unsafe-perm in lifecycle true
25 verbose lifecycle node-sass@3.4.2~postinstall: PATH: C:\MartnSorftLearn\nodejs\node_global\node_modules\cnpm\node_modules\npm\bin\node-gyp-bin;D:\codeSpace\php\learner.video\node_modules\laravel-elixir\node_modules\gulp-sass\node_modules\node-sass\node_modules\.bin;D:\codeSpace\php\learner.video\node_modules\laravel-elixir\node_modules\gulp-sass\node_modules\.bin;D:\codeSpace\php\learner.video\node_modules\laravel-elixir\node_modules\.bin;D:\codeSpace\php\learner.video\node_modules\.bin;C:\MartnSorftLearn\nodejs;C:\MartnSorftLearn\Ruby22-x64\bin;C:\ProgramData\Oracle\Java\javapath;C:\Program Files\Common Files\Microsoft Shared\Windows Live;C:\Program Files (x86)\NVIDIA Corporation\PhysX\Common;C:\Program Files (x86)\Intel\iCLS Client\;C:\Program Files\Intel\iCLS Client\;C:\Program Files\Broadcom\Broadcom 802.11 Network Adapter;C:\WINDOWS\system32;C:\WINDOWS;C:\WINDOWS\System32\Wbem;C:\WINDOWS\System32\WindowsPowerShell\v1.0\;C:\Program Files (x86)\Intel\OpenCL SDK\2.0\bin\x86;C:\Program Files (x86)\Intel\OpenCL SDK\2.0\bin\x64;C:\Program Files\Intel\Intel(R) Management Engine Components\DAL;C:\Program Files\Intel\Intel(R) Management Engine Components\IPT;C:\Program Files (x86)\Intel\Intel(R) Management Engine Components\DAL;C:\Program Files (x86)\Intel\Intel(R) Management Engine Components\IPT;C:\MartnSorftLearn\Java\jdk1.8.0_60\bin;C:\MartnSorftLearn\Java\jdk1.8.0_60\jre\bin;C:\MartnSorftLearn\TortoiseGit\bin;C:\MartnSorftLearn\TortoiseSVN\bin;C:\MartnSorftLearn\Python27;C:\MartnSorftLearn\apache-maven-3.3.3\bin;C:\Users\Administrator\.gradle\wrapper\dists\gradle-2.4-all\6r4uqcc6ovnq6ac6s0txzcpc0\gradle-2.4\bin;C:\ProgramData\ComposerSetup\bin;C:\MartnSorftLearn\nodejs\;C:\Program Files\nodejs\node_global\;C:\MartnSorftLearn\Git\bin;C:\MartnSorftLearn\Git\libexec\git-core;C:\MartnSorftLearn\nodejs\node_global;C:\MartnSorftLearn\HashiCorp\Vagrant\bin;C:\Users\Administrator\AppData\Roaming\Composer\vendor\bin;vendor\bin;C:\MartnSorftLearn\wamp64\bin\php\php5.6.19;C:\MartnSorftLearn\jads\bin;C:\WINDOWS\system32\config\systemprofile\.dnx\bin;C:\Program Files\Microsoft DNX\Dnvm\;C:\Program Files\Microsoft SQL Server\130\Tools\Binn\;C:\Program Files\Common Files\Microsoft Shared\Windows Live;C:\Users\Administrator\AppData\Roaming\npm
26 verbose lifecycle node-sass@3.4.2~postinstall: CWD: D:\codeSpace\php\learner.video\node_modules\laravel-elixir\node_modules\gulp-sass\node_modules\node-sass
27 silly lifecycle node-sass@3.4.2~postinstall: Args: [ '/d /s /c', 'node scripts/build.js' ]
28 silly lifecycle node-sass@3.4.2~postinstall: Returned: code: 1  signal: null
29 info lifecycle node-sass@3.4.2~postinstall: Failed to exec postinstall script
30 verbose stack Error: node-sass@3.4.2 postinstall: `node scripts/build.js`
30 verbose stack Exit status 1
30 verbose stack     at EventEmitter.<anonymous> (C:\MartnSorftLearn\nodejs\node_global\node_modules\cnpm\node_modules\npm\lib\utils\lifecycle.js:239:16)
30 verbose stack     at emitTwo (events.js:100:13)
30 verbose stack     at EventEmitter.emit (events.js:185:7)
30 verbose stack     at ChildProcess.<anonymous> (C:\MartnSorftLearn\nodejs\node_global\node_modules\cnpm\node_modules\npm\lib\utils\spawn.js:24:14)
30 verbose stack     at emitTwo (events.js:100:13)
30 verbose stack     at ChildProcess.emit (events.js:185:7)
30 verbose stack     at maybeClose (internal/child_process.js:821:16)
30 verbose stack     at Process.ChildProcess._handle.onexit (internal/child_process.js:211:5)
31 verbose pkgid node-sass@3.4.2
32 verbose cwd D:\codeSpace\php\learner.video
33 error Windows_NT 10.0.10586
34 error argv "C:\\MartnSorftLearn\\nodejs\\node.exe" "C:\\MartnSorftLearn\\nodejs\\node_global\\node_modules\\cnpm\\node_modules\\npm\\bin\\npm-cli.js" "--userconfig=C:\\Users\\Administrator\\.cnpmrc" "--disturl=https://npm.taobao.org/mirrors/node" "--registry=https://registry.npm.taobao.org" "rebuild" "node-sass"
35 error node v5.5.0
36 error npm  v3.8.3
37 error code ELIFECYCLE
38 error node-sass@3.4.2 postinstall: `node scripts/build.js`
38 error Exit status 1
39 error Failed at the node-sass@3.4.2 postinstall script 'node scripts/build.js'.
39 error Make sure you have the latest version of node.js and npm installed.
39 error If you do, this is most likely a problem with the node-sass package,
39 error not with npm itself.
39 error Tell the author that this fails on your system:
39 error     node scripts/build.js
39 error You can get information on how to open an issue for this project with:
39 error     npm bugs node-sass
39 error Or if that isn't available, you can get their info via:
39 error     npm owner ls node-sass
39 error There is likely additional logging output above.
40 verbose exit [ 1, true ]
